<?xml version="1.0" encoding="UTF-8"?>
<testsuite name="co.com.ceiba.parqueadero.adn.dominio.unitarias.servicio.ServicioCrearTest" tests="2" skipped="0" failures="0" errors="0" timestamp="2019-08-13T12:07:22" hostname="DANIEL-HERNANDEZ" time="0.003">
  <properties/>
  <testcase name="crearParqueoMoto" classname="co.com.ceiba.parqueadero.adn.dominio.unitarias.servicio.ServicioCrearTest" time="0.001"/>
  <testcase name="crearParqueoCarro" classname="co.com.ceiba.parqueadero.adn.dominio.unitarias.servicio.ServicioCrearTest" time="0.001"/>
  <system-out><![CDATA[]]></system-out>
  <system-err><![CDATA[]]></system-err>
</testsuite>
