<?xml version="1.0" encoding="UTF-8"?>
<testsuite name="co.com.ceiba.parqueadero.adn.ParqueaderoAdnApplicationTests" tests="1" skipped="0" failures="0" errors="0" timestamp="2019-08-12T18:20:47" hostname="DANIEL-HERNANDEZ" time="0.004">
  <properties/>
  <testcase name="contextLoads" classname="co.com.ceiba.parqueadero.adn.ParqueaderoAdnApplicationTests" time="0.004"/>
  <system-out><![CDATA[2019-08-12 13:20:46.158  INFO 7524 --- [    Test worker] .b.t.c.SpringBootTestContextBootstrapper : Neither @ContextConfiguration nor @ContextHierarchy found for test class [co.com.ceiba.parqueadero.adn.ParqueaderoAdnApplicationTests], using SpringBootContextLoader
2019-08-12 13:20:46.159  INFO 7524 --- [    Test worker] o.s.t.c.support.AbstractContextLoader    : Could not detect default resource locations for test class [co.com.ceiba.parqueadero.adn.ParqueaderoAdnApplicationTests]: no resource found for suffixes {-context.xml, Context.groovy}.
2019-08-12 13:20:46.165  INFO 7524 --- [    Test worker] t.c.s.AnnotationConfigContextLoaderUtils : Could not detect default configuration classes for test class [co.com.ceiba.parqueadero.adn.ParqueaderoAdnApplicationTests]: ParqueaderoAdnApplicationTests does not declare any static, non-private, non-final, nested classes annotated with @Configuration.
2019-08-12 13:20:46.175  INFO 7524 --- [    Test worker] .b.t.c.SpringBootTestContextBootstrapper : Found @SpringBootConfiguration co.com.ceiba.parqueadero.adn.ParqueaderoAdnApplication for test class co.com.ceiba.parqueadero.adn.ParqueaderoAdnApplicationTests
2019-08-12 13:20:46.178  INFO 7524 --- [    Test worker] .b.t.c.SpringBootTestContextBootstrapper : Loaded default TestExecutionListener class names from location [META-INF/spring.factories]: [org.springframework.boot.test.autoconfigure.restdocs.RestDocsTestExecutionListener, org.springframework.boot.test.autoconfigure.web.client.MockRestServiceServerResetTestExecutionListener, org.springframework.boot.test.autoconfigure.web.servlet.MockMvcPrintOnlyOnFailureTestExecutionListener, org.springframework.boot.test.autoconfigure.web.servlet.WebDriverTestExecutionListener, org.springframework.boot.test.mock.mockito.MockitoTestExecutionListener, org.springframework.boot.test.mock.mockito.ResetMocksTestExecutionListener, org.springframework.test.context.web.ServletTestExecutionListener, org.springframework.test.context.support.DirtiesContextBeforeModesTestExecutionListener, org.springframework.test.context.support.DependencyInjectionTestExecutionListener, org.springframework.test.context.support.DirtiesContextTestExecutionListener, org.springframework.test.context.transaction.TransactionalTestExecutionListener, org.springframework.test.context.jdbc.SqlScriptsTestExecutionListener]
2019-08-12 13:20:46.179  INFO 7524 --- [    Test worker] .b.t.c.SpringBootTestContextBootstrapper : Using TestExecutionListeners: [org.springframework.test.context.web.ServletTestExecutionListener@6e60339b, org.springframework.test.context.support.DirtiesContextBeforeModesTestExecutionListener@187838c8, org.springframework.boot.test.mock.mockito.MockitoTestExecutionListener@9fd8b4c, org.springframework.boot.test.autoconfigure.SpringBootDependencyInjectionTestExecutionListener@54c29865, org.springframework.test.context.support.DirtiesContextTestExecutionListener@3b51858d, org.springframework.test.context.transaction.TransactionalTestExecutionListener@62b64457, org.springframework.test.context.jdbc.SqlScriptsTestExecutionListener@77404a6, org.springframework.boot.test.autoconfigure.restdocs.RestDocsTestExecutionListener@4735b59d, org.springframework.boot.test.autoconfigure.web.client.MockRestServiceServerResetTestExecutionListener@70ff2d1b, org.springframework.boot.test.autoconfigure.web.servlet.MockMvcPrintOnlyOnFailureTestExecutionListener@20bb5baf, org.springframework.boot.test.autoconfigure.web.servlet.WebDriverTestExecutionListener@74d3a2a, org.springframework.boot.test.mock.mockito.ResetMocksTestExecutionListener@6d3eee03]

  .   ____          _            __ _ _
 /\\ / ___'_ __ _ _(_)_ __  __ _ \ \ \ \
( ( )\___ | '_ | '_| | '_ \/ _` | \ \ \ \
 \\/  ___)| |_)| | | | | || (_| |  ) ) ) )
  '  |____| .__|_| |_|_| |_\__, | / / / /
 =========|_|==============|___/=/_/_/_/
 :: Spring Boot ::        (v2.1.6.RELEASE)

2019-08-12 13:20:46.217  INFO 7524 --- [    Test worker] c.c.c.p.a.ParqueaderoAdnApplicationTests : Starting ParqueaderoAdnApplicationTests on DANIEL-HERNANDEZ with PID 7524 (started by daniel.hernandez in C:\Users\daniel.hernandez\Desktop\git\parqueaderoADN)
2019-08-12 13:20:46.218  INFO 7524 --- [    Test worker] c.c.c.p.a.ParqueaderoAdnApplicationTests : No active profile set, falling back to default profiles: default
2019-08-12 13:20:46.477  INFO 7524 --- [    Test worker] .s.d.r.c.RepositoryConfigurationDelegate : Bootstrapping Spring Data repositories in DEFAULT mode.
2019-08-12 13:20:46.510  INFO 7524 --- [    Test worker] .s.d.r.c.RepositoryConfigurationDelegate : Finished Spring Data repository scanning in 32ms. Found 1 repository interfaces.
2019-08-12 13:20:46.611  INFO 7524 --- [    Test worker] trationDelegate$BeanPostProcessorChecker : Bean 'org.springframework.transaction.annotation.ProxyTransactionManagementConfiguration' of type [org.springframework.transaction.annotation.ProxyTransactionManagementConfiguration$$EnhancerBySpringCGLIB$$fbf17fe7] is not eligible for getting processed by all BeanPostProcessors (for example: not eligible for auto-proxying)
2019-08-12 13:20:46.734  INFO 7524 --- [    Test worker] com.zaxxer.hikari.HikariDataSource       : HikariPool-2 - Starting...
2019-08-12 13:20:46.735  INFO 7524 --- [    Test worker] com.zaxxer.hikari.HikariDataSource       : HikariPool-2 - Start completed.
2019-08-12 13:20:46.769  INFO 7524 --- [    Test worker] o.hibernate.jpa.internal.util.LogHelper  : HHH000204: Processing PersistenceUnitInfo [
	name: default
	...]
2019-08-12 13:20:46.784  INFO 7524 --- [    Test worker] org.hibernate.dialect.Dialect            : HHH000400: Using dialect: org.hibernate.dialect.H2Dialect
Hibernate: drop table VehiculoEntidad if exists
Hibernate: create table VehiculoEntidad (id bigint generated by default as identity, cilindraje integer, fechaIngreso timestamp not null, fechaSalida timestamp, placa varchar(255) not null, tipoVehiculo varchar(255) not null, valor double, primary key (id))
2019-08-12 13:20:46.835  INFO 7524 --- [    Test worker] o.h.t.schema.internal.SchemaCreatorImpl  : HHH000476: Executing import script 'ScriptSourceInputFromUrl(file:/C:/Users/daniel.hernandez/Desktop/git/parqueaderoADN/build/resources/main/import.sql)'
Hibernate: INSERT INTO VEHICULOENTIDAD(ID, CILINDRAJE, FECHAINGRESO, FECHASALIDA, PLACA, TIPOVEHICULO,VALOR) VALUES (100, 200, '2019-07-23', NULL, 'MMM000','MOTO', 0)
Hibernate: INSERT INTO VEHICULOENTIDAD(ID, CILINDRAJE, FECHAINGRESO, FECHASALIDA, PLACA, TIPOVEHICULO,VALOR) VALUES (101, 200, '2019-07-23', NULL, 'MMM001','CARRO', 0)
2019-08-12 13:20:46.839  INFO 7524 --- [    Test worker] j.LocalContainerEntityManagerFactoryBean : Initialized JPA EntityManagerFactory for persistence unit 'default'
2019-08-12 13:20:46.910  INFO 7524 --- [    Test worker] o.h.h.i.QueryTranslatorFactoryInitiator  : HHH000397: Using ASTQueryTranslatorFactory
2019-08-12 13:20:47.424  INFO 7524 --- [    Test worker] o.s.s.concurrent.ThreadPoolTaskExecutor  : Initializing ExecutorService 'applicationTaskExecutor'
2019-08-12 13:20:47.443  WARN 7524 --- [    Test worker] aWebConfiguration$JpaWebMvcConfiguration : spring.jpa.open-in-view is enabled by default. Therefore, database queries may be performed during view rendering. Explicitly configure spring.jpa.open-in-view to disable this warning
2019-08-12 13:20:47.867  INFO 7524 --- [    Test worker] c.c.c.p.a.ParqueaderoAdnApplicationTests : Started ParqueaderoAdnApplicationTests in 1.685 seconds (JVM running for 14.916)
]]></system-out>
  <system-err><![CDATA[]]></system-err>
</testsuite>
