<?xml version="1.0" encoding="UTF-8"?>
<testsuite name="co.com.ceiba.parqueadero.parqueaderoADN.dominio.unitarias.servicio.ParqueaderoTest" tests="6" skipped="0" failures="0" errors="0" timestamp="2019-07-24T19:08:08" hostname="DANIEL-HERNANDEZ" time="1.195">
  <properties/>
  <testcase name="validarCupoCarro" classname="co.com.ceiba.parqueadero.parqueaderoADN.dominio.unitarias.servicio.ParqueaderoTest" time="1.169"/>
  <testcase name="validarCupoMoto" classname="co.com.ceiba.parqueadero.parqueaderoADN.dominio.unitarias.servicio.ParqueaderoTest" time="0.001"/>
  <testcase name="vehiculoNoParqueado" classname="co.com.ceiba.parqueadero.parqueaderoADN.dominio.unitarias.servicio.ParqueaderoTest" time="0.005"/>
  <testcase name="crearParqueoMoto" classname="co.com.ceiba.parqueadero.parqueaderoADN.dominio.unitarias.servicio.ParqueaderoTest" time="0.017"/>
  <testcase name="validarRestriccionLetraPlaca" classname="co.com.ceiba.parqueadero.parqueaderoADN.dominio.unitarias.servicio.ParqueaderoTest" time="0.001"/>
  <testcase name="crearParqueoCarro" classname="co.com.ceiba.parqueadero.parqueaderoADN.dominio.unitarias.servicio.ParqueaderoTest" time="0.001"/>
  <system-out><![CDATA[]]></system-out>
  <system-err><![CDATA[]]></system-err>
</testsuite>
