<?xml version="1.0" encoding="UTF-8"?>
<testsuite name="co.com.ceiba.parqueadero.adn.dominio.unitarias.servicio.ServicioActualizarVehiculoTest" tests="4" skipped="0" failures="0" errors="0" timestamp="2019-08-12T18:20:35" hostname="DANIEL-HERNANDEZ" time="0.019">
  <properties/>
  <testcase name="cobroDiaCarro" classname="co.com.ceiba.parqueadero.adn.dominio.unitarias.servicio.ServicioActualizarVehiculoTest" time="0.009"/>
  <testcase name="costoAdicionalAltoCilindrajeTest" classname="co.com.ceiba.parqueadero.adn.dominio.unitarias.servicio.ServicioActualizarVehiculoTest" time="0.007"/>
  <testcase name="validarHoraCarro" classname="co.com.ceiba.parqueadero.adn.dominio.unitarias.servicio.ServicioActualizarVehiculoTest" time="0.001"/>
  <testcase name="validarHoraMoto" classname="co.com.ceiba.parqueadero.adn.dominio.unitarias.servicio.ServicioActualizarVehiculoTest" time="0.002"/>
  <system-out><![CDATA[Mon Aug 12 13:20:35 COT 2019
]]></system-out>
  <system-err><![CDATA[]]></system-err>
</testsuite>
