<?xml version="1.0" encoding="UTF-8"?>
<testsuite name="co.com.ceiba.parqueadero.parqueaderoADN.dominio.unitarias.servicio.VehiculoTest" tests="10" skipped="0" failures="0" errors="0" timestamp="2019-08-01T14:53:34" hostname="DANIEL-HERNANDEZ" time="0.009">
  <properties/>
  <testcase name="validarCupoCarro" classname="co.com.ceiba.parqueadero.parqueaderoADN.dominio.unitarias.servicio.VehiculoTest" time="0.001"/>
  <testcase name="cobroDiaCarro" classname="co.com.ceiba.parqueadero.parqueaderoADN.dominio.unitarias.servicio.VehiculoTest" time="0.003"/>
  <testcase name="validarCupoMoto" classname="co.com.ceiba.parqueadero.parqueaderoADN.dominio.unitarias.servicio.VehiculoTest" time="0.001"/>
  <testcase name="vehiculoNoParqueado" classname="co.com.ceiba.parqueadero.parqueaderoADN.dominio.unitarias.servicio.VehiculoTest" time="0.0"/>
  <testcase name="crearParqueoMoto" classname="co.com.ceiba.parqueadero.parqueaderoADN.dominio.unitarias.servicio.VehiculoTest" time="0.0"/>
  <testcase name="validarRestriccionLetraPlaca" classname="co.com.ceiba.parqueadero.parqueaderoADN.dominio.unitarias.servicio.VehiculoTest" time="0.001"/>
  <testcase name="crearParqueoCarro" classname="co.com.ceiba.parqueadero.parqueaderoADN.dominio.unitarias.servicio.VehiculoTest" time="0.0"/>
  <testcase name="costoAdicionalAltoCilindrajeTest" classname="co.com.ceiba.parqueadero.parqueaderoADN.dominio.unitarias.servicio.VehiculoTest" time="0.001"/>
  <testcase name="validarHoraCarro" classname="co.com.ceiba.parqueadero.parqueaderoADN.dominio.unitarias.servicio.VehiculoTest" time="0.001"/>
  <testcase name="validarHoraMoto" classname="co.com.ceiba.parqueadero.parqueaderoADN.dominio.unitarias.servicio.VehiculoTest" time="0.0"/>
  <system-out><![CDATA[]]></system-out>
  <system-err><![CDATA[]]></system-err>
</testsuite>
