<?xml version="1.0" encoding="UTF-8"?>
<testsuite name="co.com.ceiba.parqueadero.adn.dominio.unitarias.servicio.ServicioBuscarVehiculoTest" tests="1" skipped="0" failures="0" errors="0" timestamp="2019-08-13T18:51:15" hostname="DANIEL-HERNANDEZ" time="0.002">
  <properties/>
  <testcase name="listarParqueadero" classname="co.com.ceiba.parqueadero.adn.dominio.unitarias.servicio.ServicioBuscarVehiculoTest" time="0.002"/>
  <system-out><![CDATA[]]></system-out>
  <system-err><![CDATA[]]></system-err>
</testsuite>
