<?xml version="1.0" encoding="UTF-8"?>
<testsuite name="co.com.ceiba.parqueadero.adn.dominio.unitarias.modelo.VehiculoTest" tests="8" skipped="0" failures="0" errors="0" timestamp="2019-08-13T12:07:21" hostname="DANIEL-HERNANDEZ" time="1.131">
  <properties/>
  <testcase name="validarCupoCarro" classname="co.com.ceiba.parqueadero.adn.dominio.unitarias.modelo.VehiculoTest" time="1.097"/>
  <testcase name="validarCupoMoto" classname="co.com.ceiba.parqueadero.adn.dominio.unitarias.modelo.VehiculoTest" time="0.001"/>
  <testcase name="cuandoVehiculoConPlacaQueIniciaConLetraAIntentaIngresarAlParqueaderoEntoncesSistemaRetornaExcepcionNoPuedeEntrarHoyNoEsLunesODomingo" classname="co.com.ceiba.parqueadero.adn.dominio.unitarias.modelo.VehiculoTest" time="0.025"/>
  <testcase name="validarCampoCilindrajeObligatorio" classname="co.com.ceiba.parqueadero.adn.dominio.unitarias.modelo.VehiculoTest" time="0.001"/>
  <testcase name="validarCampoTipoVehiculoObligatorio" classname="co.com.ceiba.parqueadero.adn.dominio.unitarias.modelo.VehiculoTest" time="0.001"/>
  <testcase name="validarTipoVehiculoIncorrecto" classname="co.com.ceiba.parqueadero.adn.dominio.unitarias.modelo.VehiculoTest" time="0.001"/>
  <testcase name="validarCrearVehiculo" classname="co.com.ceiba.parqueadero.adn.dominio.unitarias.modelo.VehiculoTest" time="0.002"/>
  <testcase name="validarCampoPlacaObligatoria" classname="co.com.ceiba.parqueadero.adn.dominio.unitarias.modelo.VehiculoTest" time="0.001"/>
  <system-out><![CDATA[]]></system-out>
  <system-err><![CDATA[]]></system-err>
</testsuite>
