<?xml version="1.0" encoding="UTF-8"?>
<testsuite name="co.com.ceiba.parqueadero.adn.dominio.unitarias.servicio.ServicioActualizarVehiculoTest" tests="7" skipped="0" failures="0" errors="0" timestamp="2019-08-13T12:07:22" hostname="DANIEL-HERNANDEZ" time="0.02">
  <properties/>
  <testcase name="cobroDiaCarro" classname="co.com.ceiba.parqueadero.adn.dominio.unitarias.servicio.ServicioActualizarVehiculoTest" time="0.009"/>
  <testcase name="validarDiaMotoAltoCilindraje" classname="co.com.ceiba.parqueadero.adn.dominio.unitarias.servicio.ServicioActualizarVehiculoTest" time="0.001"/>
  <testcase name="vehiculoNoParqueado" classname="co.com.ceiba.parqueadero.adn.dominio.unitarias.servicio.ServicioActualizarVehiculoTest" time="0.001"/>
  <testcase name="costoAdicionalAltoCilindrajeTest" classname="co.com.ceiba.parqueadero.adn.dominio.unitarias.servicio.ServicioActualizarVehiculoTest" time="0.001"/>
  <testcase name="validarHoraCarro" classname="co.com.ceiba.parqueadero.adn.dominio.unitarias.servicio.ServicioActualizarVehiculoTest" time="0.002"/>
  <testcase name="validarDiaMoto" classname="co.com.ceiba.parqueadero.adn.dominio.unitarias.servicio.ServicioActualizarVehiculoTest" time="0.001"/>
  <testcase name="validarHoraMoto" classname="co.com.ceiba.parqueadero.adn.dominio.unitarias.servicio.ServicioActualizarVehiculoTest" time="0.003"/>
  <system-out><![CDATA[]]></system-out>
  <system-err><![CDATA[]]></system-err>
</testsuite>
