<?xml version="1.0" encoding="UTF-8"?>
<testsuite name="co.com.ceiba.parqueadero.parqueaderoADN.ParqueaderoAdnApplicationTests" tests="1" skipped="0" failures="0" errors="0" timestamp="2019-08-01T14:53:44" hostname="DANIEL-HERNANDEZ" time="0.013">
  <properties/>
  <testcase name="contextLoads" classname="co.com.ceiba.parqueadero.parqueaderoADN.ParqueaderoAdnApplicationTests" time="0.013"/>
  <system-out><![CDATA[09:53:34.340 [Test worker] DEBUG org.springframework.test.context.junit4.SpringJUnit4ClassRunner - SpringJUnit4ClassRunner constructor called with [class co.com.ceiba.parqueadero.parqueaderoADN.ParqueaderoAdnApplicationTests]
09:53:34.353 [Test worker] DEBUG org.springframework.test.context.BootstrapUtils - Instantiating CacheAwareContextLoaderDelegate from class [org.springframework.test.context.cache.DefaultCacheAwareContextLoaderDelegate]
09:53:34.374 [Test worker] DEBUG org.springframework.test.context.BootstrapUtils - Instantiating BootstrapContext using constructor [public org.springframework.test.context.support.DefaultBootstrapContext(java.lang.Class,org.springframework.test.context.CacheAwareContextLoaderDelegate)]
09:53:34.429 [Test worker] DEBUG org.springframework.test.context.BootstrapUtils - Instantiating TestContextBootstrapper for test class [co.com.ceiba.parqueadero.parqueaderoADN.ParqueaderoAdnApplicationTests] from class [org.springframework.boot.test.context.SpringBootTestContextBootstrapper]
09:53:34.462 [Test worker] INFO org.springframework.boot.test.context.SpringBootTestContextBootstrapper - Neither @ContextConfiguration nor @ContextHierarchy found for test class [co.com.ceiba.parqueadero.parqueaderoADN.ParqueaderoAdnApplicationTests], using SpringBootContextLoader
09:53:34.472 [Test worker] DEBUG org.springframework.test.context.support.AbstractContextLoader - Did not detect default resource location for test class [co.com.ceiba.parqueadero.parqueaderoADN.ParqueaderoAdnApplicationTests]: class path resource [co/com/ceiba/parqueadero/parqueaderoADN/ParqueaderoAdnApplicationTests-context.xml] does not exist
09:53:34.473 [Test worker] DEBUG org.springframework.test.context.support.AbstractContextLoader - Did not detect default resource location for test class [co.com.ceiba.parqueadero.parqueaderoADN.ParqueaderoAdnApplicationTests]: class path resource [co/com/ceiba/parqueadero/parqueaderoADN/ParqueaderoAdnApplicationTestsContext.groovy] does not exist
09:53:34.473 [Test worker] INFO org.springframework.test.context.support.AbstractContextLoader - Could not detect default resource locations for test class [co.com.ceiba.parqueadero.parqueaderoADN.ParqueaderoAdnApplicationTests]: no resource found for suffixes {-context.xml, Context.groovy}.
09:53:34.475 [Test worker] INFO org.springframework.test.context.support.AnnotationConfigContextLoaderUtils - Could not detect default configuration classes for test class [co.com.ceiba.parqueadero.parqueaderoADN.ParqueaderoAdnApplicationTests]: ParqueaderoAdnApplicationTests does not declare any static, non-private, non-final, nested classes annotated with @Configuration.
09:53:34.579 [Test worker] DEBUG org.springframework.test.context.support.ActiveProfilesUtils - Could not find an 'annotation declaring class' for annotation type [org.springframework.test.context.ActiveProfiles] and class [co.com.ceiba.parqueadero.parqueaderoADN.ParqueaderoAdnApplicationTests]
09:53:34.755 [Test worker] DEBUG org.springframework.context.annotation.ClassPathScanningCandidateComponentProvider - Identified candidate component class: file [C:\Users\daniel.hernandez\Desktop\git\parqueaderoADN\build\classes\java\main\co\com\ceiba\parqueadero\parqueaderoADN\ParqueaderoAdnApplication.class]
09:53:34.756 [Test worker] INFO org.springframework.boot.test.context.SpringBootTestContextBootstrapper - Found @SpringBootConfiguration co.com.ceiba.parqueadero.parqueaderoADN.ParqueaderoAdnApplication for test class co.com.ceiba.parqueadero.parqueaderoADN.ParqueaderoAdnApplicationTests
09:53:34.992 [Test worker] DEBUG org.springframework.boot.test.context.SpringBootTestContextBootstrapper - @TestExecutionListeners is not present for class [co.com.ceiba.parqueadero.parqueaderoADN.ParqueaderoAdnApplicationTests]: using defaults.
09:53:34.994 [Test worker] INFO org.springframework.boot.test.context.SpringBootTestContextBootstrapper - Loaded default TestExecutionListener class names from location [META-INF/spring.factories]: [org.springframework.boot.test.autoconfigure.restdocs.RestDocsTestExecutionListener, org.springframework.boot.test.autoconfigure.web.client.MockRestServiceServerResetTestExecutionListener, org.springframework.boot.test.autoconfigure.web.servlet.MockMvcPrintOnlyOnFailureTestExecutionListener, org.springframework.boot.test.autoconfigure.web.servlet.WebDriverTestExecutionListener, org.springframework.boot.test.mock.mockito.MockitoTestExecutionListener, org.springframework.boot.test.mock.mockito.ResetMocksTestExecutionListener, org.springframework.test.context.web.ServletTestExecutionListener, org.springframework.test.context.support.DirtiesContextBeforeModesTestExecutionListener, org.springframework.test.context.support.DependencyInjectionTestExecutionListener, org.springframework.test.context.support.DirtiesContextTestExecutionListener, org.springframework.test.context.transaction.TransactionalTestExecutionListener, org.springframework.test.context.jdbc.SqlScriptsTestExecutionListener]
09:53:35.029 [Test worker] INFO org.springframework.boot.test.context.SpringBootTestContextBootstrapper - Using TestExecutionListeners: [org.springframework.test.context.web.ServletTestExecutionListener@e2e3152, org.springframework.test.context.support.DirtiesContextBeforeModesTestExecutionListener@22a0a4c2, org.springframework.boot.test.mock.mockito.MockitoTestExecutionListener@21008278, org.springframework.boot.test.autoconfigure.SpringBootDependencyInjectionTestExecutionListener@61ffb7, org.springframework.test.context.support.DirtiesContextTestExecutionListener@7fbaea48, org.springframework.test.context.transaction.TransactionalTestExecutionListener@589bc7c9, org.springframework.test.context.jdbc.SqlScriptsTestExecutionListener@7d2d9de0, org.springframework.boot.test.autoconfigure.restdocs.RestDocsTestExecutionListener@723e59b5, org.springframework.boot.test.autoconfigure.web.client.MockRestServiceServerResetTestExecutionListener@5afe1510, org.springframework.boot.test.autoconfigure.web.servlet.MockMvcPrintOnlyOnFailureTestExecutionListener@5cdd3409, org.springframework.boot.test.autoconfigure.web.servlet.WebDriverTestExecutionListener@4d8e70ef, org.springframework.boot.test.mock.mockito.ResetMocksTestExecutionListener@4dfd7b1a]
09:53:35.033 [Test worker] DEBUG org.springframework.test.annotation.ProfileValueUtils - Retrieved @ProfileValueSourceConfiguration [null] for test class [co.com.ceiba.parqueadero.parqueaderoADN.ParqueaderoAdnApplicationTests]
09:53:35.035 [Test worker] DEBUG org.springframework.test.annotation.ProfileValueUtils - Retrieved ProfileValueSource type [class org.springframework.test.annotation.SystemProfileValueSource] for class [co.com.ceiba.parqueadero.parqueaderoADN.ParqueaderoAdnApplicationTests]
09:53:35.036 [Test worker] DEBUG org.springframework.test.annotation.ProfileValueUtils - Retrieved @ProfileValueSourceConfiguration [null] for test class [co.com.ceiba.parqueadero.parqueaderoADN.ParqueaderoAdnApplicationTests]
09:53:35.037 [Test worker] DEBUG org.springframework.test.annotation.ProfileValueUtils - Retrieved ProfileValueSource type [class org.springframework.test.annotation.SystemProfileValueSource] for class [co.com.ceiba.parqueadero.parqueaderoADN.ParqueaderoAdnApplicationTests]
09:53:35.044 [Test worker] DEBUG org.springframework.test.context.support.AbstractDirtiesContextTestExecutionListener - Before test class: context [DefaultTestContext@6a1fea8f testClass = ParqueaderoAdnApplicationTests, testInstance = [null], testMethod = [null], testException = [null], mergedContextConfiguration = [WebMergedContextConfiguration@25c3e487 testClass = ParqueaderoAdnApplicationTests, locations = '{}', classes = '{class co.com.ceiba.parqueadero.parqueaderoADN.ParqueaderoAdnApplication}', contextInitializerClasses = '[]', activeProfiles = '{}', propertySourceLocations = '{}', propertySourceProperties = '{org.springframework.boot.test.context.SpringBootTestContextBootstrapper=true}', contextCustomizers = set[org.springframework.boot.test.autoconfigure.properties.PropertyMappingContextCustomizer@0, org.springframework.boot.test.autoconfigure.web.servlet.WebDriverContextCustomizerFactory$Customizer@534086b2, org.springframework.boot.test.context.filter.ExcludeFilterContextCustomizer@7abdb95b, org.springframework.boot.test.json.DuplicateJsonObjectContextCustomizerFactory$DuplicateJsonObjectContextCustomizer@d407aef, org.springframework.boot.test.mock.mockito.MockitoContextCustomizer@0, org.springframework.boot.test.web.client.TestRestTemplateContextCustomizer@4fb37148], resourceBasePath = 'src/main/webapp', contextLoader = 'org.springframework.boot.test.context.SpringBootContextLoader', parent = [null]], attributes = map['org.springframework.test.context.web.ServletTestExecutionListener.activateListener' -> true]], class annotated with @DirtiesContext [false] with mode [null].
09:53:35.045 [Test worker] DEBUG org.springframework.test.annotation.ProfileValueUtils - Retrieved @ProfileValueSourceConfiguration [null] for test class [co.com.ceiba.parqueadero.parqueaderoADN.ParqueaderoAdnApplicationTests]
09:53:35.045 [Test worker] DEBUG org.springframework.test.annotation.ProfileValueUtils - Retrieved ProfileValueSource type [class org.springframework.test.annotation.SystemProfileValueSource] for class [co.com.ceiba.parqueadero.parqueaderoADN.ParqueaderoAdnApplicationTests]
09:53:35.088 [Test worker] DEBUG org.springframework.test.context.support.TestPropertySourceUtils - Adding inlined properties to environment: {spring.jmx.enabled=false, org.springframework.boot.test.context.SpringBootTestContextBootstrapper=true, server.port=-1}

  .   ____          _            __ _ _
 /\\ / ___'_ __ _ _(_)_ __  __ _ \ \ \ \
( ( )\___ | '_ | '_| | '_ \/ _` | \ \ \ \
 \\/  ___)| |_)| | | | | || (_| |  ) ) ) )
  '  |____| .__|_| |_|_| |_\__, | / / / /
 =========|_|==============|___/=/_/_/_/
 :: Spring Boot ::        (v2.1.6.RELEASE)

2019-08-01 09:53:35.752  INFO 21436 --- [    Test worker] c.c.c.p.p.ParqueaderoAdnApplicationTests : Starting ParqueaderoAdnApplicationTests on DANIEL-HERNANDEZ with PID 21436 (started by daniel.hernandez in C:\Users\daniel.hernandez\Desktop\git\parqueaderoADN)
2019-08-01 09:53:35.754  INFO 21436 --- [    Test worker] c.c.c.p.p.ParqueaderoAdnApplicationTests : No active profile set, falling back to default profiles: default
2019-08-01 09:53:37.530  INFO 21436 --- [    Test worker] .s.d.r.c.RepositoryConfigurationDelegate : Bootstrapping Spring Data repositories in DEFAULT mode.
2019-08-01 09:53:37.668  INFO 21436 --- [    Test worker] .s.d.r.c.RepositoryConfigurationDelegate : Finished Spring Data repository scanning in 124ms. Found 1 repository interfaces.
2019-08-01 09:53:38.480  INFO 21436 --- [    Test worker] trationDelegate$BeanPostProcessorChecker : Bean 'org.springframework.transaction.annotation.ProxyTransactionManagementConfiguration' of type [org.springframework.transaction.annotation.ProxyTransactionManagementConfiguration$$EnhancerBySpringCGLIB$$3248c5f3] is not eligible for getting processed by all BeanPostProcessors (for example: not eligible for auto-proxying)
2019-08-01 09:53:38.890  INFO 21436 --- [    Test worker] com.zaxxer.hikari.HikariDataSource       : HikariPool-1 - Starting...
2019-08-01 09:53:39.403  INFO 21436 --- [    Test worker] com.zaxxer.hikari.HikariDataSource       : HikariPool-1 - Start completed.
2019-08-01 09:53:39.575  INFO 21436 --- [    Test worker] o.hibernate.jpa.internal.util.LogHelper  : HHH000204: Processing PersistenceUnitInfo [
	name: default
	...]
2019-08-01 09:53:39.773  INFO 21436 --- [    Test worker] org.hibernate.Version                    : HHH000412: Hibernate Core {5.3.10.Final}
2019-08-01 09:53:39.778  INFO 21436 --- [    Test worker] org.hibernate.cfg.Environment            : HHH000206: hibernate.properties not found
2019-08-01 09:53:39.902  INFO 21436 --- [    Test worker] o.hibernate.annotations.common.Version   : HCANN000001: Hibernate Commons Annotations {5.0.4.Final}
2019-08-01 09:53:40.260  INFO 21436 --- [    Test worker] org.hibernate.dialect.Dialect            : HHH000400: Using dialect: org.hibernate.dialect.H2Dialect
2019-08-01 09:53:40.659  INFO 21436 --- [    Test worker] o.hibernate.id.enhanced.TableGenerator   : HHH000398: Explicit segment value for id generator [codigoVehiculo.sequence_name] suggested; using default [vehiculo_entidad]
2019-08-01 09:53:41.293  INFO 21436 --- [    Test worker] o.h.t.schema.internal.SchemaCreatorImpl  : HHH000476: Executing import script 'org.hibernate.tool.schema.internal.exec.ScriptSourceInputNonExistentImpl@77a0e7bb'
2019-08-01 09:53:41.298  INFO 21436 --- [    Test worker] j.LocalContainerEntityManagerFactoryBean : Initialized JPA EntityManagerFactory for persistence unit 'default'
2019-08-01 09:53:41.919  INFO 21436 --- [    Test worker] o.h.h.i.QueryTranslatorFactoryInitiator  : HHH000397: Using ASTQueryTranslatorFactory
2019-08-01 09:53:43.463  INFO 21436 --- [    Test worker] o.s.s.concurrent.ThreadPoolTaskExecutor  : Initializing ExecutorService 'applicationTaskExecutor'
2019-08-01 09:53:43.593  WARN 21436 --- [    Test worker] aWebConfiguration$JpaWebMvcConfiguration : spring.jpa.open-in-view is enabled by default. Therefore, database queries may be performed during view rendering. Explicitly configure spring.jpa.open-in-view to disable this warning
2019-08-01 09:53:44.225  INFO 21436 --- [    Test worker] c.c.c.p.p.ParqueaderoAdnApplicationTests : Started ParqueaderoAdnApplicationTests in 9.119 seconds (JVM running for 13.212)
]]></system-out>
  <system-err><![CDATA[]]></system-err>
</testsuite>
