<?xml version="1.0" encoding="UTF-8"?>
<testsuite name="co.com.ceiba.parqueadero.adn.dominio.unitarias.servicio.ServicioActualizarVehiculoTest" tests="8" skipped="0" failures="0" errors="0" timestamp="2019-08-13T18:51:15" hostname="DANIEL-HERNANDEZ" time="0.022">
  <properties/>
  <testcase name="cobroDiaCarro" classname="co.com.ceiba.parqueadero.adn.dominio.unitarias.servicio.ServicioActualizarVehiculoTest" time="0.006"/>
  <testcase name="validarDiaMotoAltoCilindraje" classname="co.com.ceiba.parqueadero.adn.dominio.unitarias.servicio.ServicioActualizarVehiculoTest" time="0.005"/>
  <testcase name="vehiculoNoParqueado" classname="co.com.ceiba.parqueadero.adn.dominio.unitarias.servicio.ServicioActualizarVehiculoTest" time="0.001"/>
  <testcase name="validarHoraNuevoDiaCarro" classname="co.com.ceiba.parqueadero.adn.dominio.unitarias.servicio.ServicioActualizarVehiculoTest" time="0.001"/>
  <testcase name="costoAdicionalAltoCilindrajeTest" classname="co.com.ceiba.parqueadero.adn.dominio.unitarias.servicio.ServicioActualizarVehiculoTest" time="0.002"/>
  <testcase name="validarHoraCarro" classname="co.com.ceiba.parqueadero.adn.dominio.unitarias.servicio.ServicioActualizarVehiculoTest" time="0.001"/>
  <testcase name="validarDiaMoto" classname="co.com.ceiba.parqueadero.adn.dominio.unitarias.servicio.ServicioActualizarVehiculoTest" time="0.0"/>
  <testcase name="validarHoraMoto" classname="co.com.ceiba.parqueadero.adn.dominio.unitarias.servicio.ServicioActualizarVehiculoTest" time="0.001"/>
  <system-out><![CDATA[]]></system-out>
  <system-err><![CDATA[]]></system-err>
</testsuite>
