<?xml version="1.0" encoding="UTF-8"?>
<testsuite name="co.com.ceiba.parqueadero.adn.dominio.unitarias.servicio.ServicioCrearTest" tests="6" skipped="0" failures="0" errors="0" timestamp="2019-08-12T18:20:35" hostname="DANIEL-HERNANDEZ" time="0.005">
  <properties/>
  <testcase name="validarCupoCarro" classname="co.com.ceiba.parqueadero.adn.dominio.unitarias.servicio.ServicioCrearTest" time="0.001"/>
  <testcase name="validarCupoMoto" classname="co.com.ceiba.parqueadero.adn.dominio.unitarias.servicio.ServicioCrearTest" time="0.0"/>
  <testcase name="cuandoVehiculoConPlacaQueIniciaConLetraAIntentaIngresarAlParqueaderoEntoncesSistemaRetornaExcepcionNoPuedeEntrarHoyNoEsLunesODomingo" classname="co.com.ceiba.parqueadero.adn.dominio.unitarias.servicio.ServicioCrearTest" time="0.0"/>
  <testcase name="vehiculoNoParqueado" classname="co.com.ceiba.parqueadero.adn.dominio.unitarias.servicio.ServicioCrearTest" time="0.001"/>
  <testcase name="crearParqueoMoto" classname="co.com.ceiba.parqueadero.adn.dominio.unitarias.servicio.ServicioCrearTest" time="0.001"/>
  <testcase name="crearParqueoCarro" classname="co.com.ceiba.parqueadero.adn.dominio.unitarias.servicio.ServicioCrearTest" time="0.001"/>
  <system-out><![CDATA[]]></system-out>
  <system-err><![CDATA[]]></system-err>
</testsuite>
