<?xml version="1.0" encoding="UTF-8"?>
<testsuite name="co.com.ceiba.parqueadero.parqueaderoADN.dominio.unitarias.modelo.VehiculoTest" tests="1" skipped="0" failures="0" errors="0" timestamp="2019-08-06T14:22:22" hostname="DANIEL-HERNANDEZ" time="1.949">
  <properties/>
  <testcase name="validarCrearVehiculo" classname="co.com.ceiba.parqueadero.parqueaderoADN.dominio.unitarias.modelo.VehiculoTest" time="1.949"/>
  <system-out><![CDATA[]]></system-out>
  <system-err><![CDATA[]]></system-err>
</testsuite>
